{"/Users/jiteshsrivastava/Desktop/contentful/src/index.js": {"path":"/Users/jiteshsrivastava/Desktop/contentful/src/index.js","statementMap":{"0":{"start":{"line":5,"column":0},"end":{"line":5,"column":16}},"1":{"start":{"line":7,"column":13},"end":{"line":7,"column":37}},"2":{"start":{"line":9,"column":20},"end":{"line":9,"column":29}},"3":{"start":{"line":11,"column":0},"end":{"line":11,"column":32}},"4":{"start":{"line":12,"column":0},"end":{"line":12,"column":56}},"5":{"start":{"line":14,"column":0},"end":{"line":14,"column":35}},"6":{"start":{"line":16,"column":0},"end":{"line":18,"column":3}},"7":{"start":{"line":17,"column":1},"end":{"line":17,"column":56}}},"fnMap":{"0":{"name":"(anonymous_0)","decl":{"start":{"line":16,"column":25},"end":{"line":16,"column":26}},"loc":{"start":{"line":16,"column":31},"end":{"line":18,"column":1}},"line":16}},"branchMap":{"0":{"loc":{"start":{"line":7,"column":13},"end":{"line":7,"column":37}},"type":"binary-expr","locations":[{"start":{"line":7,"column":13},"end":{"line":7,"column":29}},{"start":{"line":7,"column":33},"end":{"line":7,"column":37}}],"line":7}},"s":{"0":1,"1":1,"2":1,"3":1,"4":1,"5":1,"6":1,"7":1},"f":{"0":1},"b":{"0":[1,0]},"_coverageSchema":"1a1c01bbd47fc00a2c39e90264f33305004495a9","hash":"e24f027d1638747a333f982202768423f8fae790"}
,"/Users/jiteshsrivastava/Desktop/contentful/src/constants/constants.js": {"path":"/Users/jiteshsrivastava/Desktop/contentful/src/constants/constants.js","statementMap":{"0":{"start":{"line":1,"column":24},"end":{"line":1,"column":51}},"1":{"start":{"line":2,"column":22},"end":{"line":2,"column":56}}},"fnMap":{},"branchMap":{},"s":{"0":1,"1":1},"f":{},"b":{},"_coverageSchema":"1a1c01bbd47fc00a2c39e90264f33305004495a9","hash":"33bbf9d67e72022c96b61ef4df02463003655d11"}
,"/Users/jiteshsrivastava/Desktop/contentful/src/controllers/resize.controller.js": {"path":"/Users/jiteshsrivastava/Desktop/contentful/src/controllers/resize.controller.js","statementMap":{"0":{"start":{"line":8,"column":1},"end":{"line":8,"column":32}},"1":{"start":{"line":11,"column":15},"end":{"line":36,"column":1}},"2":{"start":{"line":12,"column":16},"end":{"line":12,"column":37}},"3":{"start":{"line":13,"column":1},"end":{"line":14,"column":84}},"4":{"start":{"line":14,"column":2},"end":{"line":14,"column":84}},"5":{"start":{"line":16,"column":1},"end":{"line":35,"column":2}},"6":{"start":{"line":17,"column":16},"end":{"line":17,"column":31}},"7":{"start":{"line":18,"column":17},"end":{"line":18,"column":33}},"8":{"start":{"line":19,"column":14},"end":{"line":19,"column":38}},"9":{"start":{"line":20,"column":22},"end":{"line":20,"column":41}},"10":{"start":{"line":21,"column":21},"end":{"line":21,"column":42}},"11":{"start":{"line":22,"column":23},"end":{"line":22,"column":96}},"12":{"start":{"line":23,"column":30},"end":{"line":23,"column":52}},"13":{"start":{"line":24,"column":2},"end":{"line":31,"column":3}},"14":{"start":{"line":25,"column":3},"end":{"line":25,"column":40}},"15":{"start":{"line":26,"column":3},"end":{"line":26,"column":55}},"16":{"start":{"line":29,"column":3},"end":{"line":29,"column":92}},"17":{"start":{"line":30,"column":3},"end":{"line":30,"column":73}},"18":{"start":{"line":33,"column":2},"end":{"line":33,"column":21}},"19":{"start":{"line":34,"column":2},"end":{"line":34,"column":124}},"20":{"start":{"line":39,"column":1},"end":{"line":46,"column":4}},"21":{"start":{"line":40,"column":17},"end":{"line":40,"column":19}},"22":{"start":{"line":41,"column":2},"end":{"line":43,"column":5}},"23":{"start":{"line":42,"column":3},"end":{"line":42,"column":22}},"24":{"start":{"line":44,"column":2},"end":{"line":44,"column":57}},"25":{"start":{"line":44,"column":25},"end":{"line":44,"column":55}},"26":{"start":{"line":45,"column":2},"end":{"line":45,"column":43}},"27":{"start":{"line":45,"column":30},"end":{"line":45,"column":41}},"28":{"start":{"line":49,"column":17},"end":{"line":57,"column":1}},"29":{"start":{"line":50,"column":1},"end":{"line":56,"column":2}},"30":{"start":{"line":51,"column":19},"end":{"line":51,"column":66}},"31":{"start":{"line":52,"column":24},"end":{"line":52,"column":66}},"32":{"start":{"line":53,"column":2},"end":{"line":53,"column":23}},"33":{"start":{"line":55,"column":2},"end":{"line":55,"column":29}},"34":{"start":{"line":59,"column":32},"end":{"line":59,"column":42}}},"fnMap":{"0":{"name":"isBuffer","decl":{"start":{"line":7,"column":9},"end":{"line":7,"column":17}},"loc":{"start":{"line":7,"column":26},"end":{"line":9,"column":1}},"line":7},"1":{"name":"(anonymous_1)","decl":{"start":{"line":11,"column":15},"end":{"line":11,"column":16}},"loc":{"start":{"line":11,"column":35},"end":{"line":36,"column":1}},"line":11},"2":{"name":"convertStreamToBuffer","decl":{"start":{"line":38,"column":15},"end":{"line":38,"column":36}},"loc":{"start":{"line":38,"column":45},"end":{"line":47,"column":1}},"line":38},"3":{"name":"(anonymous_3)","decl":{"start":{"line":39,"column":20},"end":{"line":39,"column":21}},"loc":{"start":{"line":39,"column":41},"end":{"line":46,"column":2}},"line":39},"4":{"name":"(anonymous_4)","decl":{"start":{"line":41,"column":20},"end":{"line":41,"column":21}},"loc":{"start":{"line":41,"column":31},"end":{"line":43,"column":3}},"line":41},"5":{"name":"(anonymous_5)","decl":{"start":{"line":44,"column":19},"end":{"line":44,"column":20}},"loc":{"start":{"line":44,"column":25},"end":{"line":44,"column":55}},"line":44},"6":{"name":"(anonymous_6)","decl":{"start":{"line":45,"column":21},"end":{"line":45,"column":22}},"loc":{"start":{"line":45,"column":30},"end":{"line":45,"column":41}},"line":45},"7":{"name":"(anonymous_7)","decl":{"start":{"line":49,"column":17},"end":{"line":49,"column":18}},"loc":{"start":{"line":49,"column":32},"end":{"line":57,"column":1}},"line":49}},"branchMap":{"0":{"loc":{"start":{"line":13,"column":1},"end":{"line":14,"column":84}},"type":"if","locations":[{"start":{"line":13,"column":1},"end":{"line":14,"column":84}},{"start":{},"end":{}}],"line":13},"1":{"loc":{"start":{"line":24,"column":2},"end":{"line":31,"column":3}},"type":"if","locations":[{"start":{"line":24,"column":2},"end":{"line":31,"column":3}},{"start":{"line":28,"column":7},"end":{"line":31,"column":3}}],"line":24}},"s":{"0":2,"1":1,"2":4,"3":4,"4":3,"5":1,"6":1,"7":1,"8":1,"9":1,"10":1,"11":1,"12":1,"13":1,"14":1,"15":1,"16":0,"17":0,"18":0,"19":0,"20":1,"21":1,"22":1,"23":9,"24":1,"25":1,"26":1,"27":0,"28":1,"29":1,"30":1,"31":1,"32":1,"33":0,"34":1},"f":{"0":2,"1":4,"2":1,"3":1,"4":9,"5":1,"6":0,"7":1},"b":{"0":[3,1],"1":[1,0]},"_coverageSchema":"1a1c01bbd47fc00a2c39e90264f33305004495a9","hash":"9cbcd8f0f2e99db02932b889dcaa245dc855d4d9"}
,"/Users/jiteshsrivastava/Desktop/contentful/src/routes/resize.route.js": {"path":"/Users/jiteshsrivastava/Desktop/contentful/src/routes/resize.route.js","statementMap":{"0":{"start":{"line":5,"column":15},"end":{"line":5,"column":31}},"1":{"start":{"line":7,"column":0},"end":{"line":11,"column":28}}},"fnMap":{},"branchMap":{},"s":{"0":1,"1":1},"f":{},"b":{},"_coverageSchema":"1a1c01bbd47fc00a2c39e90264f33305004495a9","hash":"2d02ea08bcb05edc352ff3dab52f680a10328557"}
,"/Users/jiteshsrivastava/Desktop/contentful/src/services/resize.service.js": {"path":"/Users/jiteshsrivastava/Desktop/contentful/src/services/resize.service.js","statementMap":{"0":{"start":{"line":4,"column":1},"end":{"line":9,"column":2}},"1":{"start":{"line":5,"column":18},"end":{"line":5,"column":70}},"2":{"start":{"line":6,"column":2},"end":{"line":6,"column":17}},"3":{"start":{"line":8,"column":2},"end":{"line":8,"column":21}},"4":{"start":{"line":13,"column":29},"end":{"line":13,"column":39}}},"fnMap":{"0":{"name":"resize","decl":{"start":{"line":3,"column":15},"end":{"line":3,"column":21}},"loc":{"start":{"line":3,"column":45},"end":{"line":11,"column":1}},"line":3}},"branchMap":{},"s":{"0":1,"1":1,"2":1,"3":0,"4":1},"f":{"0":1},"b":{},"_coverageSchema":"1a1c01bbd47fc00a2c39e90264f33305004495a9","hash":"f00e83b217de77ab8067ca1637a0f0db9132b009"}
}
