{"/Users/jiteshsrivastava/Desktop/contentful/src/index.js": {"path":"/Users/jiteshsrivastava/Desktop/contentful/src/index.js","statementMap":{"0":{"start":{"line":5,"column":0},"end":{"line":5,"column":16}},"1":{"start":{"line":7,"column":13},"end":{"line":7,"column":37}},"2":{"start":{"line":9,"column":20},"end":{"line":9,"column":29}},"3":{"start":{"line":11,"column":0},"end":{"line":11,"column":32}},"4":{"start":{"line":12,"column":0},"end":{"line":12,"column":56}},"5":{"start":{"line":14,"column":0},"end":{"line":14,"column":34}},"6":{"start":{"line":16,"column":0},"end":{"line":18,"column":3}},"7":{"start":{"line":17,"column":4},"end":{"line":17,"column":59}}},"fnMap":{"0":{"name":"(anonymous_0)","decl":{"start":{"line":16,"column":25},"end":{"line":16,"column":26}},"loc":{"start":{"line":16,"column":31},"end":{"line":18,"column":1}},"line":16}},"branchMap":{"0":{"loc":{"start":{"line":7,"column":13},"end":{"line":7,"column":37}},"type":"binary-expr","locations":[{"start":{"line":7,"column":13},"end":{"line":7,"column":29}},{"start":{"line":7,"column":33},"end":{"line":7,"column":37}}],"line":7}},"s":{"0":1,"1":1,"2":1,"3":1,"4":1,"5":1,"6":1,"7":1},"f":{"0":1},"b":{"0":[1,0]},"_coverageSchema":"1a1c01bbd47fc00a2c39e90264f33305004495a9","hash":"b78f162f081659a11279a46cf4075c73760a58f9"}
,"/Users/jiteshsrivastava/Desktop/contentful/src/constants/constants.js": {"path":"/Users/jiteshsrivastava/Desktop/contentful/src/constants/constants.js","statementMap":{"0":{"start":{"line":1,"column":24},"end":{"line":1,"column":51}}},"fnMap":{},"branchMap":{},"s":{"0":1},"f":{},"b":{},"_coverageSchema":"1a1c01bbd47fc00a2c39e90264f33305004495a9","hash":"bbc9cdf7dc672be4f1fc16e219b2c027b72d47f4"}
,"/Users/jiteshsrivastava/Desktop/contentful/src/controllers/resize.controller.js": {"path":"/Users/jiteshsrivastava/Desktop/contentful/src/controllers/resize.controller.js","statementMap":{"0":{"start":{"line":8,"column":4},"end":{"line":15,"column":7}},"1":{"start":{"line":9,"column":23},"end":{"line":9,"column":25}},"2":{"start":{"line":10,"column":8},"end":{"line":12,"column":11}},"3":{"start":{"line":11,"column":12},"end":{"line":11,"column":31}},"4":{"start":{"line":13,"column":8},"end":{"line":13,"column":63}},"5":{"start":{"line":13,"column":31},"end":{"line":13,"column":61}},"6":{"start":{"line":14,"column":8},"end":{"line":14,"column":49}},"7":{"start":{"line":14,"column":36},"end":{"line":14,"column":47}},"8":{"start":{"line":18,"column":17},"end":{"line":26,"column":1}},"9":{"start":{"line":19,"column":4},"end":{"line":25,"column":5}},"10":{"start":{"line":20,"column":25},"end":{"line":20,"column":60}},"11":{"start":{"line":21,"column":8},"end":{"line":21,"column":58}},"12":{"start":{"line":24,"column":8},"end":{"line":24,"column":35}},"13":{"start":{"line":28,"column":15},"end":{"line":47,"column":1}},"14":{"start":{"line":29,"column":23},"end":{"line":29,"column":44}},"15":{"start":{"line":30,"column":8},"end":{"line":31,"column":94}},"16":{"start":{"line":31,"column":12},"end":{"line":31,"column":94}},"17":{"start":{"line":33,"column":8},"end":{"line":46,"column":5}},"18":{"start":{"line":34,"column":26},"end":{"line":34,"column":41}},"19":{"start":{"line":35,"column":27},"end":{"line":35,"column":43}},"20":{"start":{"line":36,"column":24},"end":{"line":36,"column":48}},"21":{"start":{"line":37,"column":12},"end":{"line":37,"column":29}},"22":{"start":{"line":38,"column":32},"end":{"line":38,"column":51}},"23":{"start":{"line":39,"column":26},"end":{"line":39,"column":100}},"24":{"start":{"line":41,"column":12},"end":{"line":41,"column":50}},"25":{"start":{"line":42,"column":12},"end":{"line":42,"column":57}},"26":{"start":{"line":44,"column":8},"end":{"line":44,"column":27}},"27":{"start":{"line":45,"column":12},"end":{"line":45,"column":130}},"28":{"start":{"line":49,"column":32},"end":{"line":49,"column":42}}},"fnMap":{"0":{"name":"convertStreamToBuffer","decl":{"start":{"line":7,"column":9},"end":{"line":7,"column":30}},"loc":{"start":{"line":7,"column":39},"end":{"line":16,"column":1}},"line":7},"1":{"name":"(anonymous_1)","decl":{"start":{"line":8,"column":23},"end":{"line":8,"column":24}},"loc":{"start":{"line":8,"column":44},"end":{"line":15,"column":5}},"line":8},"2":{"name":"(anonymous_2)","decl":{"start":{"line":10,"column":26},"end":{"line":10,"column":27}},"loc":{"start":{"line":10,"column":37},"end":{"line":12,"column":9}},"line":10},"3":{"name":"(anonymous_3)","decl":{"start":{"line":13,"column":25},"end":{"line":13,"column":26}},"loc":{"start":{"line":13,"column":31},"end":{"line":13,"column":61}},"line":13},"4":{"name":"(anonymous_4)","decl":{"start":{"line":14,"column":27},"end":{"line":14,"column":28}},"loc":{"start":{"line":14,"column":36},"end":{"line":14,"column":47}},"line":14},"5":{"name":"(anonymous_5)","decl":{"start":{"line":18,"column":17},"end":{"line":18,"column":18}},"loc":{"start":{"line":18,"column":32},"end":{"line":26,"column":1}},"line":18},"6":{"name":"(anonymous_6)","decl":{"start":{"line":28,"column":15},"end":{"line":28,"column":16}},"loc":{"start":{"line":28,"column":35},"end":{"line":47,"column":1}},"line":28}},"branchMap":{"0":{"loc":{"start":{"line":30,"column":8},"end":{"line":31,"column":94}},"type":"if","locations":[{"start":{"line":30,"column":8},"end":{"line":31,"column":94}},{"start":{},"end":{}}],"line":30}},"s":{"0":0,"1":0,"2":0,"3":0,"4":0,"5":0,"6":0,"7":0,"8":1,"9":1,"10":1,"11":1,"12":1,"13":1,"14":1,"15":1,"16":0,"17":1,"18":1,"19":1,"20":1,"21":1,"22":1,"23":1,"24":0,"25":0,"26":1,"27":1,"28":1},"f":{"0":0,"1":0,"2":0,"3":0,"4":0,"5":1,"6":1},"b":{"0":[0,1]},"_coverageSchema":"1a1c01bbd47fc00a2c39e90264f33305004495a9","hash":"ce2bde6247bf39e14724153e9e97375cb218c009"}
,"/Users/jiteshsrivastava/Desktop/contentful/src/http/client.js": {"path":"/Users/jiteshsrivastava/Desktop/contentful/src/http/client.js","statementMap":{"0":{"start":{"line":4,"column":4},"end":{"line":8,"column":5}},"1":{"start":{"line":5,"column":8},"end":{"line":5,"column":48}},"2":{"start":{"line":7,"column":8},"end":{"line":7,"column":27}},"3":{"start":{"line":11,"column":12},"end":{"line":13,"column":1}},"4":{"start":{"line":12,"column":4},"end":{"line":12,"column":34}},"5":{"start":{"line":15,"column":26},"end":{"line":15,"column":33}}},"fnMap":{"0":{"name":"makeGetCall","decl":{"start":{"line":3,"column":15},"end":{"line":3,"column":26}},"loc":{"start":{"line":3,"column":38},"end":{"line":9,"column":1}},"line":3},"1":{"name":"(anonymous_1)","decl":{"start":{"line":11,"column":12},"end":{"line":11,"column":13}},"loc":{"start":{"line":11,"column":27},"end":{"line":13,"column":1}},"line":11}},"branchMap":{},"s":{"0":1,"1":1,"2":1,"3":1,"4":1,"5":1},"f":{"0":1,"1":1},"b":{},"_coverageSchema":"1a1c01bbd47fc00a2c39e90264f33305004495a9","hash":"5fd67f7458daf9bcd9dd245f99cfbd8e09ef72f8"}
,"/Users/jiteshsrivastava/Desktop/contentful/src/routes/resize.route.js": {"path":"/Users/jiteshsrivastava/Desktop/contentful/src/routes/resize.route.js","statementMap":{"0":{"start":{"line":5,"column":15},"end":{"line":5,"column":31}},"1":{"start":{"line":7,"column":0},"end":{"line":11,"column":44}}},"fnMap":{},"branchMap":{},"s":{"0":1,"1":1},"f":{},"b":{},"_coverageSchema":"1a1c01bbd47fc00a2c39e90264f33305004495a9","hash":"f302f0d727e339deeb58c78025a834f668c62ee3"}
,"/Users/jiteshsrivastava/Desktop/contentful/src/services/resize.service.js": {"path":"/Users/jiteshsrivastava/Desktop/contentful/src/services/resize.service.js","statementMap":{"0":{"start":{"line":4,"column":4},"end":{"line":4,"column":57}},"1":{"start":{"line":8,"column":4},"end":{"line":8,"column":46}},"2":{"start":{"line":11,"column":29},"end":{"line":11,"column":39}}},"fnMap":{"0":{"name":"resizeImage","decl":{"start":{"line":3,"column":15},"end":{"line":3,"column":26}},"loc":{"start":{"line":3,"column":50},"end":{"line":6,"column":1}},"line":3},"1":{"name":"resize","decl":{"start":{"line":7,"column":15},"end":{"line":7,"column":21}},"loc":{"start":{"line":7,"column":45},"end":{"line":9,"column":1}},"line":7}},"branchMap":{},"s":{"0":1,"1":1,"2":1},"f":{"0":1,"1":1},"b":{},"_coverageSchema":"1a1c01bbd47fc00a2c39e90264f33305004495a9","hash":"08ededef58fac15fabc4a72079d8d006afcb6045"}
}
