TN:
SF:src/index.js
FN:16,(anonymous_0)
FNF:1
FNH:1
FNDA:1,(anonymous_0)
DA:5,1
DA:7,1
DA:9,1
DA:11,1
DA:12,1
DA:14,1
DA:16,1
DA:17,1
LF:8
LH:8
BRDA:7,0,0,1
BRDA:7,0,1,0
BRF:2
BRH:1
end_of_record
TN:
SF:src/constants/constants.js
FNF:0
FNH:0
DA:1,1
DA:2,1
LF:2
LH:2
BRF:0
BRH:0
end_of_record
TN:
SF:src/controllers/resize.controller.js
FN:7,isBuffer
FN:11,(anonymous_1)
FN:38,convertStreamToBuffer
FN:39,(anonymous_3)
FN:41,(anonymous_4)
FN:44,(anonymous_5)
FN:45,(anonymous_6)
FN:49,(anonymous_7)
FNF:8
FNH:3
FNDA:2,isBuffer
FNDA:1,(anonymous_1)
FNDA:0,convertStreamToBuffer
FNDA:0,(anonymous_3)
FNDA:0,(anonymous_4)
FNDA:0,(anonymous_5)
FNDA:0,(anonymous_6)
FNDA:1,(anonymous_7)
DA:8,2
DA:11,1
DA:12,1
DA:13,1
DA:14,0
DA:16,1
DA:17,1
DA:18,1
DA:19,1
DA:20,1
DA:21,1
DA:22,1
DA:23,1
DA:24,1
DA:25,0
DA:26,0
DA:29,1
DA:30,1
DA:33,0
DA:34,0
DA:39,0
DA:40,0
DA:41,0
DA:42,0
DA:44,0
DA:45,0
DA:49,1
DA:50,1
DA:51,1
DA:52,0
DA:53,0
DA:55,1
DA:59,1
LF:33
LH:20
BRDA:13,0,0,0
BRDA:13,0,1,1
BRDA:24,1,0,0
BRDA:24,1,1,1
BRF:4
BRH:2
end_of_record
TN:
SF:src/routes/resize.route.js
FNF:0
FNH:0
DA:5,1
DA:7,1
LF:2
LH:2
BRF:0
BRH:0
end_of_record
TN:
SF:src/services/resize.service.js
FN:3,resize
FNF:1
FNH:1
FNDA:1,resize
DA:4,1
DA:5,1
DA:6,0
DA:8,1
DA:13,1
LF:5
LH:4
BRF:0
BRH:0
end_of_record
